{"/work/IndianHistory/App/genres/model.js":{"path":"/work/IndianHistory/App/genres/model.js","s":{"1":1,"2":1,"3":1,"4":1,"5":4,"6":1,"7":1,"8":1,"9":2,"10":2,"11":1,"12":1},"b":{},"f":{},"fnMap":{},"statementMap":{"1":{"start":{"line":1,"column":0},"end":{"line":1,"column":35}},"2":{"start":{"line":3,"column":0},"end":{"line":12,"column":3}},"3":{"start":{"line":14,"column":0},"end":{"line":14,"column":59}},"4":{"start":{"line":16,"column":0},"end":{"line":46,"column":1}},"5":{"start":{"line":18,"column":8},"end":{"line":18,"column":42}},"6":{"start":{"line":22,"column":8},"end":{"line":22,"column":38}},"7":{"start":{"line":26,"column":8},"end":{"line":28,"column":9}},"8":{"start":{"line":29,"column":8},"end":{"line":29,"column":38}},"9":{"start":{"line":33,"column":8},"end":{"line":35,"column":9}},"10":{"start":{"line":36,"column":8},"end":{"line":36,"column":36}},"11":{"start":{"line":40,"column":8},"end":{"line":42,"column":10}},"12":{"start":{"line":44,"column":8},"end":{"line":44,"column":63}}},"branchMap":{}}}